  pvzclass.cpp
E:\pvz\我的改版制作\PVZ++\pvzclass\pvzclass\PVZ.h(695,1): warning C4312: “类型强制转换”: 从“int”转换到更大的“const void *”
E:\pvz\我的改版制作\PVZ++\pvzclass\pvzclass\PVZ.h(695,1): message : 此诊断出现在编译器生成的函数“T PVZ::Memory::ReadMemory(int)”中
E:\pvz\我的改版制作\PVZ++\pvzclass\pvzclass\PVZ.h(695,1): warning C4312: “类型强制转换”: 从“int”转换到更大的“void *”
E:\pvz\我的改版制作\PVZ++\pvzclass\pvzclass\PVZ.h(695,1): message : 此诊断出现在编译器生成的函数“BOOL PVZ::Memory::WriteMemory(int,T)”中
E:\pvz\我的改版制作\PVZ++\pvzclass\pvzclass\pvzclass.cpp(59,19): warning C4244: “参数”: 从“time_t”转换到“unsigned int”，可能丢失数据
E:\pvz\我的改版制作\PVZ++\pvzclass\pvzclass\pvzclass.cpp(77,22): warning C4244: “参数”: 从“time_t”转换到“unsigned int”，可能丢失数据
E:\pvz\我的改版制作\PVZ++\pvzclass\pvzclass\PVZ.h(100,1): warning C4312: “类型强制转换”: 从“int”转换到更大的“LPCVOID”
E:\pvz\我的改版制作\PVZ++\pvzclass\pvzclass\PVZ.h(137): message : 查看对正在编译的函数 模板 实例化“T PVZ::Memory::ReadMemory<int>(int)”的引用
          with
          [
              T=int
          ]
E:\pvz\我的改版制作\PVZ++\pvzclass\pvzclass\PVZ.h(106,1): warning C4312: “类型强制转换”: 从“int”转换到更大的“LPVOID”
E:\pvz\我的改版制作\PVZ++\pvzclass\pvzclass\PVZ.h(148): message : 查看对正在编译的函数 模板 实例化“BOOL PVZ::Memory::WriteMemory<PVZLevel::PVZLevel>(int,T)”的引用
          with
          [
              T=PVZLevel::PVZLevel
          ]
E:\pvz\我的改版制作\PVZ++\pvzclass\pvzclass\PVZ.h(116,1): warning C4312: “类型强制转换”: 从“int”转换到更大的“LPVOID”
E:\pvz\我的改版制作\PVZ++\pvzclass\pvzclass\Extensions.h(102): message : 查看对正在编译的函数 模板 实例化“BOOL PVZ::Memory::WriteArray<byte>(int,T *,size_t)”的引用
          with
          [
              T=byte
          ]
  pvzclass.vcxproj -> E:\pvz\我的改版制作\PVZ++\pvzclass\x64\Debug\pvzclass.exe
