e:\pvz\我的改版制作\pvz++\pvzclass\pvzclass\x64\debug\vc142.pdb
e:\pvz\我的改版制作\pvz++\pvzclass\pvzclass\x64\debug\vc142.idb
e:\pvz\我的改版制作\pvz++\pvzclass\pvzclass\x64\debug\cardtype.obj
e:\pvz\我的改版制作\pvz++\pvzclass\pvzclass\x64\debug\captionstyle.obj
e:\pvz\我的改版制作\pvz++\pvzclass\pvzclass\x64\debug\creaters.obj
e:\pvz\我的改版制作\pvz++\pvzclass\pvzclass\x64\debug\seedcard.obj
e:\pvz\我的改版制作\pvz++\pvzclass\pvzclass\x64\debug\savedata.obj
e:\pvz\我的改版制作\pvz++\pvzclass\pvzclass\x64\debug\plant.obj
e:\pvz\我的改版制作\pvz++\pvzclass\pvzclass\x64\debug\music.obj
e:\pvz\我的改版制作\pvz++\pvzclass\pvzclass\x64\debug\mousepointer.obj
e:\pvz\我的改版制作\pvz++\pvzclass\pvzclass\x64\debug\mouse.obj
e:\pvz\我的改版制作\pvz++\pvzclass\pvzclass\x64\debug\miscellaneous.obj
e:\pvz\我的改版制作\pvz++\pvzclass\pvzclass\x64\debug\memory.obj
e:\pvz\我的改版制作\pvz++\pvzclass\pvzclass\x64\debug\lawnmover.obj
e:\pvz\我的改版制作\pvz++\pvzclass\pvzclass\x64\debug\asmfunctions.obj
e:\pvz\我的改版制作\pvz++\pvzclass\pvzclass\x64\debug\lawn.obj
e:\pvz\我的改版制作\pvz++\pvzclass\pvzclass\x64\debug\icetrace.obj
e:\pvz\我的改版制作\pvz++\pvzclass\pvzclass\x64\debug\griditem.obj
e:\pvz\我的改版制作\pvz++\pvzclass\pvzclass\x64\debug\coin.obj
e:\pvz\我的改版制作\pvz++\pvzclass\pvzclass\x64\debug\cardslot.obj
e:\pvz\我的改版制作\pvz++\pvzclass\pvzclass\x64\debug\caption.obj
e:\pvz\我的改版制作\pvz++\pvzclass\pvzclass\x64\debug\animation.obj
e:\pvz\我的改版制作\pvz++\pvzclass\pvzclass\x64\debug\pvzgamestateenum.obj
e:\pvz\我的改版制作\pvz++\pvzclass\pvzclass\x64\debug\projectiletype.obj
e:\pvz\我的改版制作\pvz++\pvzclass\pvzclass\x64\debug\planttype.obj
e:\pvz\我的改版制作\pvz++\pvzclass\pvzclass\x64\debug\planteffecttype.obj
e:\pvz\我的改版制作\pvz++\pvzclass\pvzclass\x64\debug\paintstate.obj
e:\pvz\我的改版制作\pvz++\pvzclass\pvzclass\x64\debug\musictype.obj
e:\pvz\我的改版制作\pvz++\pvzclass\pvzclass\x64\debug\mousetype.obj
e:\pvz\我的改版制作\pvz++\pvzclass\pvzclass\x64\debug\mouseclickstate.obj
e:\pvz\我的改版制作\pvz++\pvzclass\pvzclass\x64\debug\motiontype.obj
e:\pvz\我的改版制作\pvz++\pvzclass\pvzclass\x64\debug\lawntypeenum.obj
e:\pvz\我的改版制作\pvz++\pvzclass\pvzclass\x64\debug\lawnmovertype.obj
e:\pvz\我的改版制作\pvz++\pvzclass\pvzclass\x64\debug\ingamestate.obj
e:\pvz\我的改版制作\pvz++\pvzclass\pvzclass\x64\debug\ingameeffect.obj
e:\pvz\我的改版制作\pvz++\pvzclass\pvzclass\x64\debug\griditemtype.obj
e:\pvz\我的改版制作\pvz++\pvzclass\pvzclass\x64\debug\gardenscene.obj
e:\pvz\我的改版制作\pvz++\pvzclass\pvzclass\x64\debug\gardenplantstate.obj
e:\pvz\我的改版制作\pvz++\pvzclass\pvzclass\x64\debug\debugmodetype.obj
e:\pvz\我的改版制作\pvz++\pvzclass\pvzclass\x64\debug\damagetype.obj
e:\pvz\我的改版制作\pvz++\pvzclass\pvzclass\x64\debug\cointype.obj
e:\pvz\我的改版制作\pvz++\pvzclass\pvzclass\x64\debug\coinmotiontype.obj
e:\pvz\我的改版制作\pvz++\pvzclass\pvzclass\x64\debug\gardenplant.obj
e:\pvz\我的改版制作\pvz++\pvzclass\pvzclass\x64\debug\zombie.obj
e:\pvz\我的改版制作\pvz++\pvzclass\pvzclass\x64\debug\wave.obj
e:\pvz\我的改版制作\pvz++\pvzclass\pvzclass\x64\debug\pvzclass.obj
e:\pvz\我的改版制作\pvz++\pvzclass\pvzclass\x64\debug\pvz.obj
e:\pvz\我的改版制作\pvz++\pvzclass\pvzclass\x64\debug\projectile.obj
e:\pvz\我的改版制作\pvz++\pvzclass\pvzclass\x64\debug\processopener.obj
e:\pvz\我的改版制作\pvz++\pvzclass\pvzclass\x64\debug\zombietype.obj
e:\pvz\我的改版制作\pvz++\pvzclass\pvzclass\x64\debug\zombieaccessoriestype2.obj
e:\pvz\我的改版制作\pvz++\pvzclass\pvzclass\x64\debug\zombieaccessoriestype1.obj
e:\pvz\我的改版制作\pvz++\pvzclass\pvzclass\x64\debug\vaseskin.obj
e:\pvz\我的改版制作\pvz++\pvzclass\pvzclass\x64\debug\vasecontent.obj
e:\pvz\我的改版制作\pvz++\pvzclass\pvzclass\x64\debug\scenetype.obj
e:\pvz\我的改版制作\pvz++\pvzclass\pvzclass\x64\debug\routetypeenum.obj
e:\pvz\我的改版制作\pvz++\pvzclass\pvzclass\x64\debug\pvzversionenum.obj
e:\pvz\我的改版制作\pvz++\pvzclass\pvzclass\x64\debug\pvzlevelenum.obj
e:\pvz\我的改版制作\pvz++\pvzclass\x64\debug\pvzclass.exe
e:\pvz\我的改版制作\pvz++\pvzclass\x64\debug\pvzclass.ilk
e:\pvz\我的改版制作\pvz++\pvzclass\x64\debug\pvzclass.pdb
e:\pvz\我的改版制作\pvz++\pvzclass\pvzclass\x64\debug\pvzclass.tlog\cl.command.1.tlog
e:\pvz\我的改版制作\pvz++\pvzclass\pvzclass\x64\debug\pvzclass.tlog\cl.read.1.tlog
e:\pvz\我的改版制作\pvz++\pvzclass\pvzclass\x64\debug\pvzclass.tlog\cl.write.1.tlog
e:\pvz\我的改版制作\pvz++\pvzclass\pvzclass\x64\debug\pvzclass.tlog\link.command.1.tlog
e:\pvz\我的改版制作\pvz++\pvzclass\pvzclass\x64\debug\pvzclass.tlog\link.read.1.tlog
e:\pvz\我的改版制作\pvz++\pvzclass\pvzclass\x64\debug\pvzclass.tlog\link.write.1.tlog
