e:\pvz\我的改版制作\pvz++\pvzclass\pvzclass\x64\release\vc142.pdb
e:\pvz\我的改版制作\pvz++\pvzclass\pvzclass\x64\release\cardtype.obj
e:\pvz\我的改版制作\pvz++\pvzclass\pvzclass\x64\release\captionstyle.obj
e:\pvz\我的改版制作\pvz++\pvzclass\pvzclass\x64\release\creaters.obj
e:\pvz\我的改版制作\pvz++\pvzclass\pvzclass\x64\release\seedcard.obj
e:\pvz\我的改版制作\pvz++\pvzclass\pvzclass\x64\release\savedata.obj
e:\pvz\我的改版制作\pvz++\pvzclass\pvzclass\x64\release\plant.obj
e:\pvz\我的改版制作\pvz++\pvzclass\pvzclass\x64\release\music.obj
e:\pvz\我的改版制作\pvz++\pvzclass\pvzclass\x64\release\mousepointer.obj
e:\pvz\我的改版制作\pvz++\pvzclass\pvzclass\x64\release\mouse.obj
e:\pvz\我的改版制作\pvz++\pvzclass\pvzclass\x64\release\miscellaneous.obj
e:\pvz\我的改版制作\pvz++\pvzclass\pvzclass\x64\release\memory.obj
e:\pvz\我的改版制作\pvz++\pvzclass\pvzclass\x64\release\lawnmover.obj
e:\pvz\我的改版制作\pvz++\pvzclass\pvzclass\x64\release\asmfunctions.obj
e:\pvz\我的改版制作\pvz++\pvzclass\pvzclass\x64\release\lawn.obj
e:\pvz\我的改版制作\pvz++\pvzclass\pvzclass\x64\release\icetrace.obj
e:\pvz\我的改版制作\pvz++\pvzclass\pvzclass\x64\release\griditem.obj
e:\pvz\我的改版制作\pvz++\pvzclass\pvzclass\x64\release\coin.obj
e:\pvz\我的改版制作\pvz++\pvzclass\pvzclass\x64\release\cardslot.obj
e:\pvz\我的改版制作\pvz++\pvzclass\pvzclass\x64\release\caption.obj
e:\pvz\我的改版制作\pvz++\pvzclass\pvzclass\x64\release\animation.obj
e:\pvz\我的改版制作\pvz++\pvzclass\pvzclass\x64\release\pvzgamestateenum.obj
e:\pvz\我的改版制作\pvz++\pvzclass\pvzclass\x64\release\projectiletype.obj
e:\pvz\我的改版制作\pvz++\pvzclass\pvzclass\x64\release\planttype.obj
e:\pvz\我的改版制作\pvz++\pvzclass\pvzclass\x64\release\planteffecttype.obj
e:\pvz\我的改版制作\pvz++\pvzclass\pvzclass\x64\release\paintstate.obj
e:\pvz\我的改版制作\pvz++\pvzclass\pvzclass\x64\release\musictype.obj
e:\pvz\我的改版制作\pvz++\pvzclass\pvzclass\x64\release\mousetype.obj
e:\pvz\我的改版制作\pvz++\pvzclass\pvzclass\x64\release\mouseclickstate.obj
e:\pvz\我的改版制作\pvz++\pvzclass\pvzclass\x64\release\motiontype.obj
e:\pvz\我的改版制作\pvz++\pvzclass\pvzclass\x64\release\lawntypeenum.obj
e:\pvz\我的改版制作\pvz++\pvzclass\pvzclass\x64\release\lawnmovertype.obj
e:\pvz\我的改版制作\pvz++\pvzclass\pvzclass\x64\release\ingamestate.obj
e:\pvz\我的改版制作\pvz++\pvzclass\pvzclass\x64\release\ingameeffect.obj
e:\pvz\我的改版制作\pvz++\pvzclass\pvzclass\x64\release\griditemtype.obj
e:\pvz\我的改版制作\pvz++\pvzclass\pvzclass\x64\release\gardenscene.obj
e:\pvz\我的改版制作\pvz++\pvzclass\pvzclass\x64\release\gardenplantstate.obj
e:\pvz\我的改版制作\pvz++\pvzclass\pvzclass\x64\release\debugmodetype.obj
e:\pvz\我的改版制作\pvz++\pvzclass\pvzclass\x64\release\damagetype.obj
e:\pvz\我的改版制作\pvz++\pvzclass\pvzclass\x64\release\cointype.obj
e:\pvz\我的改版制作\pvz++\pvzclass\pvzclass\x64\release\coinmotiontype.obj
e:\pvz\我的改版制作\pvz++\pvzclass\pvzclass\x64\release\gardenplant.obj
e:\pvz\我的改版制作\pvz++\pvzclass\pvzclass\x64\release\zombie.obj
e:\pvz\我的改版制作\pvz++\pvzclass\pvzclass\x64\release\wave.obj
e:\pvz\我的改版制作\pvz++\pvzclass\pvzclass\x64\release\pvzclass.obj
e:\pvz\我的改版制作\pvz++\pvzclass\pvzclass\x64\release\pvz.obj
e:\pvz\我的改版制作\pvz++\pvzclass\pvzclass\x64\release\projectile.obj
e:\pvz\我的改版制作\pvz++\pvzclass\pvzclass\x64\release\processopener.obj
e:\pvz\我的改版制作\pvz++\pvzclass\pvzclass\x64\release\zombietype.obj
e:\pvz\我的改版制作\pvz++\pvzclass\pvzclass\x64\release\zombieaccessoriestype2.obj
e:\pvz\我的改版制作\pvz++\pvzclass\pvzclass\x64\release\zombieaccessoriestype1.obj
e:\pvz\我的改版制作\pvz++\pvzclass\pvzclass\x64\release\vaseskin.obj
e:\pvz\我的改版制作\pvz++\pvzclass\pvzclass\x64\release\vasecontent.obj
e:\pvz\我的改版制作\pvz++\pvzclass\pvzclass\x64\release\scenetype.obj
e:\pvz\我的改版制作\pvz++\pvzclass\pvzclass\x64\release\routetypeenum.obj
e:\pvz\我的改版制作\pvz++\pvzclass\pvzclass\x64\release\pvzversionenum.obj
e:\pvz\我的改版制作\pvz++\pvzclass\pvzclass\x64\release\pvzlevelenum.obj
e:\pvz\我的改版制作\pvz++\pvzclass\x64\release\pvzclass.exe
e:\pvz\我的改版制作\pvz++\pvzclass\x64\release\pvzclass.pdb
e:\pvz\我的改版制作\pvz++\pvzclass\x64\release\pvzclass.ipdb
e:\pvz\我的改版制作\pvz++\pvzclass\x64\release\pvzclass.iobj
e:\pvz\我的改版制作\pvz++\pvzclass\pvzclass\x64\release\pvzclass.tlog\cl.command.1.tlog
e:\pvz\我的改版制作\pvz++\pvzclass\pvzclass\x64\release\pvzclass.tlog\cl.read.1.tlog
e:\pvz\我的改版制作\pvz++\pvzclass\pvzclass\x64\release\pvzclass.tlog\cl.write.1.tlog
e:\pvz\我的改版制作\pvz++\pvzclass\pvzclass\x64\release\pvzclass.tlog\link.command.1.tlog
e:\pvz\我的改版制作\pvz++\pvzclass\pvzclass\x64\release\pvzclass.tlog\link.delete.1.tlog
e:\pvz\我的改版制作\pvz++\pvzclass\pvzclass\x64\release\pvzclass.tlog\link.read.1.tlog
e:\pvz\我的改版制作\pvz++\pvzclass\pvzclass\x64\release\pvzclass.tlog\link.write.1.tlog
e:\pvz\我的改版制作\pvz++\pvzclass\pvzclass\x64\release\pvzclass.tlog\pvzclass.write.1u.tlog
